<?xml version="1.0" encoding="UTF-8"?>
<coverage generated="1771317389871" clover="3.2.0">
  <project timestamp="1771317389871" name="All files">
    <metrics statements="7" coveredstatements="6" conditionals="4" coveredconditionals="3" methods="4" coveredmethods="4" elements="15" coveredelements="13" complexity="0" loc="7" ncloc="7" packages="1" files="2" classes="2"/>
    <file name="classNames.ts" path="C:\Users\QVadim\Desktop\ulbi2\src\shared\lib\classNames\classNames.ts">
      <metrics statements="3" coveredstatements="3" conditionals="2" coveredconditionals="2" methods="3" coveredmethods="3"/>
      <line num="4" count="5" type="stmt"/>
      <line num="8" count="6" type="stmt"/>
      <line num="9" count="4" type="stmt"/>
    </file>
    <file name="mapArrToString.ts" path="C:\Users\QVadim\Desktop\ulbi2\src\shared\lib\classNames\mapArrToString.ts">
      <metrics statements="4" coveredstatements="3" conditionals="2" coveredconditionals="1" methods="1" coveredmethods="1"/>
      <line num="1" count="1" type="stmt"/>
      <line num="2" count="1" type="cond" truecount="1" falsecount="1"/>
      <line num="3" count="0" type="stmt"/>
      <line num="5" count="1" type="stmt"/>
    </file>
  </project>
</coverage>
